16:51:35 INFO  : Registering command handlers for Vitis TCF services
16:51:35 INFO  : Launching XSCT server: xsct.bat -n  -interactive C:\Users\88690\Desktop\FPGA\HW3\Pb2\temp_xsdb_launch_script.tcl
16:51:38 INFO  : Platform repository initialization has completed.
16:51:38 INFO  : XSCT server has started successfully.
16:51:38 INFO  : plnx-install-location is set to ''
16:51:39 INFO  : Successfully done setting XSCT server connection channel  
16:51:39 INFO  : Successfully done query RDI_DATADIR 
16:51:39 INFO  : Successfully done setting workspace for the tool. 
16:52:50 INFO  : Launching XSCT server: xsct.bat -n  -interactive C:\Users\88690\Desktop\FPGA\HW3\Pb2\temp_xsdb_launch_script.tcl
16:52:51 INFO  : Registering command handlers for Vitis TCF services
16:52:52 INFO  : XSCT server has started successfully.
16:52:52 INFO  : plnx-install-location is set to ''
16:52:52 INFO  : Successfully done setting XSCT server connection channel  
16:52:52 INFO  : Successfully done query RDI_DATADIR 
16:52:52 INFO  : Successfully done setting workspace for the tool. 
16:52:53 INFO  : Platform repository initialization has completed.
16:53:47 INFO  : Result from executing command 'getProjects': design_1_wrapper
16:53:47 INFO  : Result from executing command 'getPlatforms': 
16:53:47 WARN  : An unexpected exception occurred in the module 'platform project logging'
16:53:47 INFO  : Platform 'design_1_wrapper' is added to custom repositories.
16:53:54 INFO  : Platform 'design_1_wrapper' is added to custom repositories.
17:01:39 INFO  : Result from executing command 'getProjects': design_1_wrapper
17:01:39 INFO  : Result from executing command 'getPlatforms': design_1_wrapper|C:/Users/88690/Desktop/FPGA/HW3/Pb2/design_1_wrapper/export/design_1_wrapper/design_1_wrapper.xpfm
17:01:40 INFO  : Checking for BSP changes to sync application flags for project 'pb2'...
17:04:30 INFO  : Checking for BSP changes to sync application flags for project 'pb2'...
17:06:02 INFO  : Connected to target on host '127.0.0.1' and port '3121'.
17:06:02 INFO  : Jtag cable 'Xilinx TUL 1234-tulA' is selected.
17:06:02 INFO  : 'jtag frequency' command is executed.
17:06:02 INFO  : Context for 'APU' is selected.
17:06:02 INFO  : System reset is completed.
17:06:05 INFO  : 'after 3000' command is executed.
17:06:06 INFO  : 'targets -set -filter {jtag_cable_name =~ "Xilinx TUL 1234-tulA" && level==0 && jtag_device_ctx=="jsn-TUL-1234-tulA-23727093-0"}' command is executed.
17:06:08 INFO  : Device configured successfully with "C:/Users/88690/Desktop/FPGA/HW3/Pb2/pb2/_ide/bitstream/design_1_wrapper.bit"
17:06:08 INFO  : Context for 'APU' is selected.
17:06:08 INFO  : Hardware design and registers information is loaded from 'C:/Users/88690/Desktop/FPGA/HW3/Pb2/design_1_wrapper/export/design_1_wrapper/hw/design_1_wrapper.xsa'.
17:06:08 INFO  : 'configparams force-mem-access 1' command is executed.
17:06:08 INFO  : Context for 'APU' is selected.
17:06:08 INFO  : Sourcing of 'C:/Users/88690/Desktop/FPGA/HW3/Pb2/pb2/_ide/psinit/ps7_init.tcl' is done.
17:06:08 INFO  : 'ps7_init' command is executed.
17:06:08 INFO  : 'ps7_post_config' command is executed.
17:06:08 INFO  : Context for processor 'ps7_cortexa9_0' is selected.
17:06:10 ERROR : Memory write error at 0x100000. APB Memory access port is disabled
17:06:10 INFO  : ----------------XSDB Script----------------
connect -url tcp:127.0.0.1:3121
targets -set -nocase -filter {name =~"APU*"}
rst -system
after 3000
targets -set -filter {jtag_cable_name =~ "Xilinx TUL 1234-tulA" && level==0 && jtag_device_ctx=="jsn-TUL-1234-tulA-23727093-0"}
fpga -file C:/Users/88690/Desktop/FPGA/HW3/Pb2/pb2/_ide/bitstream/design_1_wrapper.bit
targets -set -nocase -filter {name =~"APU*"}
loadhw -hw C:/Users/88690/Desktop/FPGA/HW3/Pb2/design_1_wrapper/export/design_1_wrapper/hw/design_1_wrapper.xsa -mem-ranges [list {0x40000000 0xbfffffff}] -regs
configparams force-mem-access 1
targets -set -nocase -filter {name =~"APU*"}
source C:/Users/88690/Desktop/FPGA/HW3/Pb2/pb2/_ide/psinit/ps7_init.tcl
ps7_init
ps7_post_config
targets -set -nocase -filter {name =~ "*A9*#0"}
dow C:/Users/88690/Desktop/FPGA/HW3/Pb2/pb2/Debug/pb2.elf
----------------End of Script----------------

17:06:10 ERROR : Memory write error at 0x100000. APB Memory access port is disabled
17:07:10 INFO  : Connected to target on host '127.0.0.1' and port '3121'.
17:07:10 INFO  : Jtag cable 'Xilinx TUL 1234-tulA' is selected.
17:07:10 INFO  : 'jtag frequency' command is executed.
17:07:10 INFO  : Context for 'APU' is selected.
17:07:10 ERROR : Cannot reset APU. AP transaction error, DAP status 0xF0000021
17:07:10 INFO  : ----------------XSDB Script----------------
connect -url tcp:127.0.0.1:3121
targets -set -nocase -filter {name =~"APU*"}
rst -system
after 3000
----------------End of Script----------------

17:07:10 ERROR : Cannot reset APU. AP transaction error, DAP status 0xF0000021
17:08:02 INFO  : Connected to target on host '127.0.0.1' and port '3121'.
17:08:02 INFO  : Jtag cable 'Xilinx TUL 1234-tulA' is selected.
17:08:02 INFO  : 'jtag frequency' command is executed.
17:08:02 INFO  : Context for 'APU' is selected.
17:08:02 INFO  : System reset is completed.
17:08:05 INFO  : 'after 3000' command is executed.
17:08:05 INFO  : 'targets -set -filter {jtag_cable_name =~ "Xilinx TUL 1234-tulA" && level==0 && jtag_device_ctx=="jsn-TUL-1234-tulA-23727093-0"}' command is executed.
17:08:08 INFO  : Device configured successfully with "C:/Users/88690/Desktop/FPGA/HW3/Pb2/pb2/_ide/bitstream/design_1_wrapper.bit"
17:08:08 INFO  : Context for 'APU' is selected.
17:08:08 INFO  : Hardware design and registers information is loaded from 'C:/Users/88690/Desktop/FPGA/HW3/Pb2/design_1_wrapper/export/design_1_wrapper/hw/design_1_wrapper.xsa'.
17:08:08 INFO  : 'configparams force-mem-access 1' command is executed.
17:08:08 INFO  : Context for 'APU' is selected.
17:08:08 INFO  : Sourcing of 'C:/Users/88690/Desktop/FPGA/HW3/Pb2/pb2/_ide/psinit/ps7_init.tcl' is done.
17:08:08 INFO  : 'ps7_init' command is executed.
17:08:08 INFO  : 'ps7_post_config' command is executed.
17:08:08 INFO  : Context for processor 'ps7_cortexa9_0' is selected.
17:08:10 ERROR : Memory write error at 0x100000. APB Memory access port is disabled
17:08:10 INFO  : ----------------XSDB Script----------------
connect -url tcp:127.0.0.1:3121
targets -set -nocase -filter {name =~"APU*"}
rst -system
after 3000
targets -set -filter {jtag_cable_name =~ "Xilinx TUL 1234-tulA" && level==0 && jtag_device_ctx=="jsn-TUL-1234-tulA-23727093-0"}
fpga -file C:/Users/88690/Desktop/FPGA/HW3/Pb2/pb2/_ide/bitstream/design_1_wrapper.bit
targets -set -nocase -filter {name =~"APU*"}
loadhw -hw C:/Users/88690/Desktop/FPGA/HW3/Pb2/design_1_wrapper/export/design_1_wrapper/hw/design_1_wrapper.xsa -mem-ranges [list {0x40000000 0xbfffffff}] -regs
configparams force-mem-access 1
targets -set -nocase -filter {name =~"APU*"}
source C:/Users/88690/Desktop/FPGA/HW3/Pb2/pb2/_ide/psinit/ps7_init.tcl
ps7_init
ps7_post_config
targets -set -nocase -filter {name =~ "*A9*#0"}
dow C:/Users/88690/Desktop/FPGA/HW3/Pb2/pb2/Debug/pb2.elf
----------------End of Script----------------

17:08:10 ERROR : Memory write error at 0x100000. APB Memory access port is disabled
17:10:32 INFO  : Connected to target on host '127.0.0.1' and port '3121'.
17:10:32 INFO  : Jtag cable 'Xilinx TUL 1234-tulA' is selected.
17:10:32 INFO  : 'jtag frequency' command is executed.
17:10:32 INFO  : Context for 'APU' is selected.
17:10:32 ERROR : Cannot reset APU. AP transaction error, DAP status 0xF0000021
17:10:32 INFO  : ----------------XSDB Script----------------
connect -url tcp:127.0.0.1:3121
targets -set -nocase -filter {name =~"APU*"}
rst -system
after 3000
----------------End of Script----------------

17:10:32 ERROR : Cannot reset APU. AP transaction error, DAP status 0xF0000021
17:18:06 INFO  : Connected to target on host '127.0.0.1' and port '3121'.
17:18:07 INFO  : Jtag cable 'Xilinx TUL 1234-tulA' is selected.
17:18:07 INFO  : 'jtag frequency' command is executed.
17:18:07 INFO  : Context for 'APU' is selected.
17:18:07 INFO  : System reset is completed.
17:18:10 INFO  : 'after 3000' command is executed.
17:18:10 INFO  : 'targets -set -filter {jtag_cable_name =~ "Xilinx TUL 1234-tulA" && level==0 && jtag_device_ctx=="jsn-TUL-1234-tulA-23727093-0"}' command is executed.
17:18:12 INFO  : Device configured successfully with "C:/Users/88690/Desktop/FPGA/HW3/Pb2/pb2/_ide/bitstream/design_1_wrapper.bit"
17:18:12 INFO  : Context for 'APU' is selected.
17:18:12 INFO  : Hardware design and registers information is loaded from 'C:/Users/88690/Desktop/FPGA/HW3/Pb2/design_1_wrapper/export/design_1_wrapper/hw/design_1_wrapper.xsa'.
17:18:12 INFO  : 'configparams force-mem-access 1' command is executed.
17:18:12 INFO  : Context for 'APU' is selected.
17:18:12 INFO  : Sourcing of 'C:/Users/88690/Desktop/FPGA/HW3/Pb2/pb2/_ide/psinit/ps7_init.tcl' is done.
17:18:12 INFO  : 'ps7_init' command is executed.
17:18:12 INFO  : 'ps7_post_config' command is executed.
17:18:12 INFO  : Context for processor 'ps7_cortexa9_0' is selected.
17:18:15 ERROR : Memory write error at 0x100000. APB Memory access port is disabled
17:18:15 INFO  : ----------------XSDB Script----------------
connect -url tcp:127.0.0.1:3121
targets -set -nocase -filter {name =~"APU*"}
rst -system
after 3000
targets -set -filter {jtag_cable_name =~ "Xilinx TUL 1234-tulA" && level==0 && jtag_device_ctx=="jsn-TUL-1234-tulA-23727093-0"}
fpga -file C:/Users/88690/Desktop/FPGA/HW3/Pb2/pb2/_ide/bitstream/design_1_wrapper.bit
targets -set -nocase -filter {name =~"APU*"}
loadhw -hw C:/Users/88690/Desktop/FPGA/HW3/Pb2/design_1_wrapper/export/design_1_wrapper/hw/design_1_wrapper.xsa -mem-ranges [list {0x40000000 0xbfffffff}] -regs
configparams force-mem-access 1
targets -set -nocase -filter {name =~"APU*"}
source C:/Users/88690/Desktop/FPGA/HW3/Pb2/pb2/_ide/psinit/ps7_init.tcl
ps7_init
ps7_post_config
targets -set -nocase -filter {name =~ "*A9*#0"}
dow C:/Users/88690/Desktop/FPGA/HW3/Pb2/pb2/Debug/pb2.elf
----------------End of Script----------------

17:18:15 ERROR : Memory write error at 0x100000. APB Memory access port is disabled
17:18:51 INFO  : Launching XSCT server: xsct.bat -n  -interactive C:\Users\88690\Desktop\FPGA\HW3\Pb2\temp_xsdb_launch_script.tcl
17:18:53 INFO  : XSCT server has started successfully.
17:18:53 INFO  : Successfully done setting XSCT server connection channel  
17:18:53 INFO  : plnx-install-location is set to ''
17:18:53 INFO  : Successfully done setting workspace for the tool. 
17:18:56 INFO  : Platform repository initialization has completed.
17:18:56 INFO  : Registering command handlers for Vitis TCF services
17:18:57 INFO  : Successfully done query RDI_DATADIR 
17:19:12 INFO  : Checking for BSP changes to sync application flags for project 'pb2'...
17:19:19 ERROR : (XSDB Server)ERROR: [Hsi 55-1571] The design file C:/Users/88690/Desktop/FPGA/HW3/Pb2/design_1_wrapper/export/design_1_wrapper/hw/design_1_wrapper.xsa is already opened

17:19:48 INFO  : Connected to target on host '127.0.0.1' and port '3121'.
17:19:49 INFO  : Jtag cable 'Xilinx TUL 1234-tulA' is selected.
17:19:49 INFO  : 'jtag frequency' command is executed.
17:19:49 INFO  : Context for 'APU' is selected.
17:19:49 INFO  : System reset is completed.
17:19:52 INFO  : 'after 3000' command is executed.
17:19:52 INFO  : 'targets -set -filter {jtag_cable_name =~ "Xilinx TUL 1234-tulA" && level==0 && jtag_device_ctx=="jsn-TUL-1234-tulA-23727093-0"}' command is executed.
17:19:54 INFO  : Device configured successfully with "C:/Users/88690/Desktop/FPGA/HW3/Pb2/pb2/_ide/bitstream/design_1_wrapper.bit"
17:19:54 INFO  : Context for 'APU' is selected.
17:19:54 INFO  : Hardware design and registers information is loaded from 'C:/Users/88690/Desktop/FPGA/HW3/Pb2/design_1_wrapper/export/design_1_wrapper/hw/design_1_wrapper.xsa'.
17:19:54 INFO  : 'configparams force-mem-access 1' command is executed.
17:19:54 INFO  : Context for 'APU' is selected.
17:19:54 INFO  : Sourcing of 'C:/Users/88690/Desktop/FPGA/HW3/Pb2/pb2/_ide/psinit/ps7_init.tcl' is done.
17:19:54 INFO  : 'ps7_init' command is executed.
17:19:54 INFO  : 'ps7_post_config' command is executed.
17:19:54 INFO  : Context for processor 'ps7_cortexa9_0' is selected.
17:19:56 ERROR : Memory write error at 0x100000. APB Memory access port is disabled
17:19:56 INFO  : ----------------XSDB Script----------------
connect -url tcp:127.0.0.1:3121
targets -set -nocase -filter {name =~"APU*"}
rst -system
after 3000
targets -set -filter {jtag_cable_name =~ "Xilinx TUL 1234-tulA" && level==0 && jtag_device_ctx=="jsn-TUL-1234-tulA-23727093-0"}
fpga -file C:/Users/88690/Desktop/FPGA/HW3/Pb2/pb2/_ide/bitstream/design_1_wrapper.bit
targets -set -nocase -filter {name =~"APU*"}
loadhw -hw C:/Users/88690/Desktop/FPGA/HW3/Pb2/design_1_wrapper/export/design_1_wrapper/hw/design_1_wrapper.xsa -mem-ranges [list {0x40000000 0xbfffffff}] -regs
configparams force-mem-access 1
targets -set -nocase -filter {name =~"APU*"}
source C:/Users/88690/Desktop/FPGA/HW3/Pb2/pb2/_ide/psinit/ps7_init.tcl
ps7_init
ps7_post_config
targets -set -nocase -filter {name =~ "*A9*#0"}
dow C:/Users/88690/Desktop/FPGA/HW3/Pb2/pb2/Debug/pb2.elf
----------------End of Script----------------

17:19:56 ERROR : Memory write error at 0x100000. APB Memory access port is disabled
17:26:13 INFO  : Checking for BSP changes to sync application flags for project 'pb2'...
17:27:22 INFO  : Connected to target on host '127.0.0.1' and port '3121'.
17:27:22 INFO  : Jtag cable 'Xilinx TUL 1234-tulA' is selected.
17:27:22 INFO  : 'jtag frequency' command is executed.
17:27:22 INFO  : Context for 'APU' is selected.
17:27:22 INFO  : System reset is completed.
17:27:25 INFO  : 'after 3000' command is executed.
17:27:25 INFO  : 'targets -set -filter {jtag_cable_name =~ "Xilinx TUL 1234-tulA" && level==0 && jtag_device_ctx=="jsn-TUL-1234-tulA-23727093-0"}' command is executed.
17:27:28 INFO  : Device configured successfully with "C:/Users/88690/Desktop/FPGA/HW3/Pb2/pb2/_ide/bitstream/design_1_wrapper.bit"
17:27:28 INFO  : Context for 'APU' is selected.
17:27:28 INFO  : Hardware design and registers information is loaded from 'C:/Users/88690/Desktop/FPGA/HW3/Pb2/design_1_wrapper/export/design_1_wrapper/hw/design_1_wrapper.xsa'.
17:27:28 INFO  : 'configparams force-mem-access 1' command is executed.
17:27:28 INFO  : Context for 'APU' is selected.
17:27:28 INFO  : Sourcing of 'C:/Users/88690/Desktop/FPGA/HW3/Pb2/pb2/_ide/psinit/ps7_init.tcl' is done.
17:27:28 INFO  : 'ps7_init' command is executed.
17:27:28 INFO  : 'ps7_post_config' command is executed.
17:27:28 INFO  : Context for processor 'ps7_cortexa9_0' is selected.
17:27:30 ERROR : Memory write error at 0x100000. APB Memory access port is disabled
17:27:30 INFO  : ----------------XSDB Script----------------
connect -url tcp:127.0.0.1:3121
targets -set -nocase -filter {name =~"APU*"}
rst -system
after 3000
targets -set -filter {jtag_cable_name =~ "Xilinx TUL 1234-tulA" && level==0 && jtag_device_ctx=="jsn-TUL-1234-tulA-23727093-0"}
fpga -file C:/Users/88690/Desktop/FPGA/HW3/Pb2/pb2/_ide/bitstream/design_1_wrapper.bit
targets -set -nocase -filter {name =~"APU*"}
loadhw -hw C:/Users/88690/Desktop/FPGA/HW3/Pb2/design_1_wrapper/export/design_1_wrapper/hw/design_1_wrapper.xsa -mem-ranges [list {0x40000000 0xbfffffff}] -regs
configparams force-mem-access 1
targets -set -nocase -filter {name =~"APU*"}
source C:/Users/88690/Desktop/FPGA/HW3/Pb2/pb2/_ide/psinit/ps7_init.tcl
ps7_init
ps7_post_config
targets -set -nocase -filter {name =~ "*A9*#0"}
dow C:/Users/88690/Desktop/FPGA/HW3/Pb2/pb2/Debug/pb2.elf
----------------End of Script----------------

17:27:30 ERROR : Memory write error at 0x100000. APB Memory access port is disabled
17:28:12 INFO  : Checking for BSP changes to sync application flags for project 'pb2'...
17:28:22 INFO  : Connected to target on host '127.0.0.1' and port '3121'.
17:28:22 INFO  : Jtag cable 'Xilinx TUL 1234-tulA' is selected.
17:28:22 INFO  : 'jtag frequency' command is executed.
17:28:22 INFO  : Context for 'APU' is selected.
17:28:22 ERROR : Cannot reset APU. AP transaction error, DAP status 0xF0000021
17:28:22 INFO  : ----------------XSDB Script----------------
connect -url tcp:127.0.0.1:3121
targets -set -nocase -filter {name =~"APU*"}
rst -system
after 3000
----------------End of Script----------------

17:28:22 ERROR : Cannot reset APU. AP transaction error, DAP status 0xF0000021
17:28:49 INFO  : Connected to target on host '127.0.0.1' and port '3121'.
17:28:49 INFO  : Jtag cable 'Xilinx TUL 1234-tulA' is selected.
17:28:49 INFO  : 'jtag frequency' command is executed.
17:28:50 INFO  : Context for 'APU' is selected.
17:28:50 INFO  : System reset is completed.
17:28:53 INFO  : 'after 3000' command is executed.
17:28:53 INFO  : 'targets -set -filter {jtag_cable_name =~ "Xilinx TUL 1234-tulA" && level==0 && jtag_device_ctx=="jsn-TUL-1234-tulA-23727093-0"}' command is executed.
17:28:55 INFO  : Device configured successfully with "C:/Users/88690/Desktop/FPGA/HW3/Pb2/pb2/_ide/bitstream/design_1_wrapper.bit"
17:28:55 INFO  : Context for 'APU' is selected.
17:28:55 INFO  : Hardware design and registers information is loaded from 'C:/Users/88690/Desktop/FPGA/HW3/Pb2/design_1_wrapper/export/design_1_wrapper/hw/design_1_wrapper.xsa'.
17:28:55 INFO  : 'configparams force-mem-access 1' command is executed.
17:28:55 INFO  : Context for 'APU' is selected.
17:28:55 INFO  : Sourcing of 'C:/Users/88690/Desktop/FPGA/HW3/Pb2/pb2/_ide/psinit/ps7_init.tcl' is done.
17:28:56 INFO  : 'ps7_init' command is executed.
17:28:56 INFO  : 'ps7_post_config' command is executed.
17:28:56 INFO  : Context for processor 'ps7_cortexa9_0' is selected.
17:28:58 ERROR : Memory write error at 0x100000. APB Memory access port is disabled
17:28:58 INFO  : ----------------XSDB Script----------------
connect -url tcp:127.0.0.1:3121
targets -set -nocase -filter {name =~"APU*"}
rst -system
after 3000
targets -set -filter {jtag_cable_name =~ "Xilinx TUL 1234-tulA" && level==0 && jtag_device_ctx=="jsn-TUL-1234-tulA-23727093-0"}
fpga -file C:/Users/88690/Desktop/FPGA/HW3/Pb2/pb2/_ide/bitstream/design_1_wrapper.bit
targets -set -nocase -filter {name =~"APU*"}
loadhw -hw C:/Users/88690/Desktop/FPGA/HW3/Pb2/design_1_wrapper/export/design_1_wrapper/hw/design_1_wrapper.xsa -mem-ranges [list {0x40000000 0xbfffffff}] -regs
configparams force-mem-access 1
targets -set -nocase -filter {name =~"APU*"}
source C:/Users/88690/Desktop/FPGA/HW3/Pb2/pb2/_ide/psinit/ps7_init.tcl
ps7_init
ps7_post_config
targets -set -nocase -filter {name =~ "*A9*#0"}
dow C:/Users/88690/Desktop/FPGA/HW3/Pb2/pb2/Debug/pb2.elf
----------------End of Script----------------

17:28:58 ERROR : Memory write error at 0x100000. APB Memory access port is disabled
17:32:53 INFO  : Result from executing command 'getProjects': design_1_wrapper;design_1_wrapper_1
17:32:53 INFO  : Result from executing command 'getPlatforms': design_1_wrapper|C:/Users/88690/Desktop/FPGA/HW3/Pb2/design_1_wrapper/export/design_1_wrapper/design_1_wrapper.xpfm
17:32:53 WARN  : An unexpected exception occurred in the module 'platform project logging'
17:32:53 INFO  : Platform 'design_1_wrapper_1' is added to custom repositories.
17:33:03 INFO  : Platform 'design_1_wrapper_1' is added to custom repositories.
17:34:09 INFO  : Result from executing command 'getProjects': design_1_wrapper;design_1_wrapper_1
17:34:09 INFO  : Result from executing command 'getPlatforms': design_1_wrapper_1|C:/Users/88690/Desktop/FPGA/HW3/Pb2/design_1_wrapper_1/export/design_1_wrapper_1/design_1_wrapper_1.xpfm;design_1_wrapper|C:/Users/88690/Desktop/FPGA/HW3/Pb2/design_1_wrapper/export/design_1_wrapper/design_1_wrapper.xpfm
17:34:09 INFO  : Checking for BSP changes to sync application flags for project 'pb2-2'...
17:35:52 INFO  : Checking for BSP changes to sync application flags for project 'pb2-2'...
17:36:15 INFO  : Connected to target on host '127.0.0.1' and port '3121'.
17:36:19 INFO  : Checking for BSP changes to sync application flags for project 'pb2-2'...
17:36:31 INFO  : Jtag cable 'Xilinx TUL 1234-tulA' is selected.
17:36:31 INFO  : 'jtag frequency' command is executed.
17:36:31 INFO  : Context for 'APU' is selected.
17:36:31 INFO  : System reset is completed.
17:36:34 INFO  : 'after 3000' command is executed.
17:36:34 INFO  : 'targets -set -filter {jtag_cable_name =~ "Xilinx TUL 1234-tulA" && level==0 && jtag_device_ctx=="jsn-TUL-1234-tulA-23727093-0"}' command is executed.
17:36:37 INFO  : Device configured successfully with "C:/Users/88690/Desktop/FPGA/HW3/Pb2/pb2/_ide/bitstream/design_1_wrapper.bit"
17:36:37 INFO  : Context for 'APU' is selected.
17:36:37 INFO  : Hardware design and registers information is loaded from 'C:/Users/88690/Desktop/FPGA/HW3/Pb2/design_1_wrapper/export/design_1_wrapper/hw/design_1_wrapper.xsa'.
17:36:37 INFO  : 'configparams force-mem-access 1' command is executed.
17:36:37 INFO  : Context for 'APU' is selected.
17:36:37 INFO  : Sourcing of 'C:/Users/88690/Desktop/FPGA/HW3/Pb2/pb2/_ide/psinit/ps7_init.tcl' is done.
17:36:37 INFO  : 'ps7_init' command is executed.
17:36:37 INFO  : 'ps7_post_config' command is executed.
17:36:37 INFO  : Context for processor 'ps7_cortexa9_0' is selected.
17:36:40 ERROR : Memory write error at 0x100000. APB Memory access port is disabled
17:36:40 INFO  : ----------------XSDB Script----------------
connect -url tcp:127.0.0.1:3121
targets -set -nocase -filter {name =~"APU*"}
rst -system
after 3000
targets -set -filter {jtag_cable_name =~ "Xilinx TUL 1234-tulA" && level==0 && jtag_device_ctx=="jsn-TUL-1234-tulA-23727093-0"}
fpga -file C:/Users/88690/Desktop/FPGA/HW3/Pb2/pb2/_ide/bitstream/design_1_wrapper.bit
targets -set -nocase -filter {name =~"APU*"}
loadhw -hw C:/Users/88690/Desktop/FPGA/HW3/Pb2/design_1_wrapper/export/design_1_wrapper/hw/design_1_wrapper.xsa -mem-ranges [list {0x40000000 0xbfffffff}] -regs
configparams force-mem-access 1
targets -set -nocase -filter {name =~"APU*"}
source C:/Users/88690/Desktop/FPGA/HW3/Pb2/pb2/_ide/psinit/ps7_init.tcl
ps7_init
ps7_post_config
targets -set -nocase -filter {name =~ "*A9*#0"}
dow C:/Users/88690/Desktop/FPGA/HW3/Pb2/pb2/Debug/pb2.elf
----------------End of Script----------------

17:36:40 ERROR : Memory write error at 0x100000. APB Memory access port is disabled
17:37:22 INFO  : Connected to target on host '127.0.0.1' and port '3121'.
17:37:22 INFO  : Jtag cable 'Xilinx TUL 1234-tulA' is selected.
17:37:22 INFO  : 'jtag frequency' command is executed.
17:37:22 INFO  : Context for 'APU' is selected.
17:37:22 ERROR : Cannot reset APU. AP transaction error, DAP status 0xF0000021
17:37:22 INFO  : ----------------XSDB Script----------------
connect -url tcp:127.0.0.1:3121
targets -set -nocase -filter {name =~"APU*"}
rst -system
after 3000
----------------End of Script----------------

17:37:22 ERROR : Cannot reset APU. AP transaction error, DAP status 0xF0000021
17:38:40 INFO  : Connected to target on host '127.0.0.1' and port '3121'.
17:38:40 INFO  : Jtag cable 'Xilinx TUL 1234-tulA' is selected.
17:38:40 INFO  : 'jtag frequency' command is executed.
17:38:40 INFO  : Context for 'APU' is selected.
17:38:40 INFO  : System reset is completed.
17:38:43 INFO  : 'after 3000' command is executed.
17:38:43 INFO  : 'targets -set -filter {jtag_cable_name =~ "Xilinx TUL 1234-tulA" && level==0 && jtag_device_ctx=="jsn-TUL-1234-tulA-23727093-0"}' command is executed.
17:38:46 INFO  : Device configured successfully with "C:/Users/88690/Desktop/FPGA/HW3/Pb2/pb2/_ide/bitstream/design_1_wrapper.bit"
17:38:46 INFO  : Context for 'APU' is selected.
17:38:46 INFO  : Hardware design and registers information is loaded from 'C:/Users/88690/Desktop/FPGA/HW3/Pb2/design_1_wrapper/export/design_1_wrapper/hw/design_1_wrapper.xsa'.
17:38:46 INFO  : 'configparams force-mem-access 1' command is executed.
17:38:46 INFO  : Context for 'APU' is selected.
17:38:46 INFO  : Sourcing of 'C:/Users/88690/Desktop/FPGA/HW3/Pb2/pb2/_ide/psinit/ps7_init.tcl' is done.
17:38:46 INFO  : 'ps7_init' command is executed.
17:38:46 INFO  : 'ps7_post_config' command is executed.
17:38:46 INFO  : Context for processor 'ps7_cortexa9_0' is selected.
17:38:48 ERROR : Memory write error at 0x100000. APB Memory access port is disabled
17:38:48 INFO  : ----------------XSDB Script----------------
connect -url tcp:127.0.0.1:3121
targets -set -nocase -filter {name =~"APU*"}
rst -system
after 3000
targets -set -filter {jtag_cable_name =~ "Xilinx TUL 1234-tulA" && level==0 && jtag_device_ctx=="jsn-TUL-1234-tulA-23727093-0"}
fpga -file C:/Users/88690/Desktop/FPGA/HW3/Pb2/pb2/_ide/bitstream/design_1_wrapper.bit
targets -set -nocase -filter {name =~"APU*"}
loadhw -hw C:/Users/88690/Desktop/FPGA/HW3/Pb2/design_1_wrapper/export/design_1_wrapper/hw/design_1_wrapper.xsa -mem-ranges [list {0x40000000 0xbfffffff}] -regs
configparams force-mem-access 1
targets -set -nocase -filter {name =~"APU*"}
source C:/Users/88690/Desktop/FPGA/HW3/Pb2/pb2/_ide/psinit/ps7_init.tcl
ps7_init
ps7_post_config
targets -set -nocase -filter {name =~ "*A9*#0"}
dow C:/Users/88690/Desktop/FPGA/HW3/Pb2/pb2/Debug/pb2.elf
----------------End of Script----------------

17:38:48 ERROR : Memory write error at 0x100000. APB Memory access port is disabled
